assignment-1-maze/Android/Maze-Cardboard/sdk/build/intermediates/manifest_merge_blame_file/debug/manifest-merger-blame-debug-report.txt
1<?xml version="1.0" encoding="utf-8"?>
2<manifest xmlns:android="http://schemas.android.com/apk/res/android"
3    package="com.google.cardboard.sdk"
4    android:versionCode="1"
5    android:versionName="1.3" >
6
7    <uses-sdk
8        android:minSdkVersion="16"
8-->qrcode/android/AndroidManifest.xml
9        android:targetSdkVersion="30" />
9-->qrcode/android/AndroidManifest.xml
10
11    <uses-feature
11-->qrcode/android/AndroidManifest.xml:5:5-78
12        android:glEsVersion="0x00020000"
12-->qrcode/android/AndroidManifest.xml:5:19-51
13        android:required="true" />
13-->qrcode/android/AndroidManifest.xml:5:52-75
14
15    <uses-permission android:name="android.permission.CAMERA" />
15-->qrcode/android/AndroidManifest.xml:6:5-65
15-->qrcode/android/AndroidManifest.xml:6:22-62
16    <uses-permission android:name="android.permission.WRITE_EXTERNAL_STORAGE" />
16-->qrcode/android/AndroidManifest.xml:7:5-81
16-->qrcode/android/AndroidManifest.xml:7:22-78
17    <uses-permission android:name="android.permission.INTERNET" />
17-->qrcode/android/AndroidManifest.xml:8:5-67
17-->qrcode/android/AndroidManifest.xml:8:22-64
18    <uses-permission android:name="android.permission.NFC" />
18-->qrcode/android/AndroidManifest.xml:9:5-61
18-->qrcode/android/AndroidManifest.xml:9:22-59
19
20    <application>
20-->qrcode/android/AndroidManifest.xml:12:5-33:19
21        <activity
21-->qrcode/android/AndroidManifest.xml:13:9-17:39
22            android:name="com.google.cardboard.sdk.QrCodeCaptureActivity"
22-->qrcode/android/AndroidManifest.xml:14:13-74
23            android:exported="false"
23-->qrcode/android/AndroidManifest.xml:17:13-37
24            android:label="@string/title_activity_qr_code_capture"
24-->qrcode/android/AndroidManifest.xml:15:13-67
25            android:theme="@style/Theme.AppCompat.NoActionBar" />
25-->qrcode/android/AndroidManifest.xml:16:13-63
26
27        <!--
28          Activity whose sole purpose is to update Cardboard device params when a Cardboard V1
29          NFC tag is detected.
30        -->
31        <activity
31-->qrcode/android/AndroidManifest.xml:21:9-32:20
32            android:name="com.google.cardboard.sdk.HeadsetDetectionActivity"
32-->qrcode/android/AndroidManifest.xml:22:13-77
33            android:exported="true"
33-->qrcode/android/AndroidManifest.xml:24:13-36
34            android:label="@string/headset_detection_activity_title" >
34-->qrcode/android/AndroidManifest.xml:23:13-69
35
36            <!-- Handles the Cardboard V1 NFC tag released at Google I/O 2014. -->
37            <intent-filter>
37-->qrcode/android/AndroidManifest.xml:27:13-31:29
38                <action android:name="android.nfc.action.NDEF_DISCOVERED" />
38-->qrcode/android/AndroidManifest.xml:28:17-77
38-->qrcode/android/AndroidManifest.xml:28:25-74
39
40                <category android:name="android.intent.category.DEFAULT" />
40-->qrcode/android/AndroidManifest.xml:29:17-76
40-->qrcode/android/AndroidManifest.xml:29:27-73
41
42                <data android:scheme="cardboard" />
42-->qrcode/android/AndroidManifest.xml:30:17-52
42-->qrcode/android/AndroidManifest.xml:30:23-49
43            </intent-filter>
44        </activity>
45    </application>
46
47</manifest>